d:\pglearning\semester2\real-timeanimation\animation\release\animation.ipdb
d:\pglearning\semester2\real-timeanimation\animation\release\animation.iobj
d:\pglearning\semester2\real-timeanimation\animation\animation\release\vc141.pdb
d:\pglearning\semester2\real-timeanimation\animation\animation\release\imgui_widgets.obj
d:\pglearning\semester2\real-timeanimation\animation\animation\release\imgui_tables.obj
d:\pglearning\semester2\real-timeanimation\animation\animation\release\imgui_impl_opengl3.obj
d:\pglearning\semester2\real-timeanimation\animation\animation\release\imgui_impl_opengl2.obj
d:\pglearning\semester2\real-timeanimation\animation\animation\release\imgui_impl_glfw.obj
d:\pglearning\semester2\real-timeanimation\animation\animation\release\imgui_draw.obj
d:\pglearning\semester2\real-timeanimation\animation\animation\release\imgui_demo.obj
d:\pglearning\semester2\real-timeanimation\animation\animation\release\imgui.obj
d:\pglearning\semester2\real-timeanimation\animation\animation\release\glm.obj
d:\pglearning\semester2\real-timeanimation\animation\animation\release\ccd.obj
d:\pglearning\semester2\real-timeanimation\animation\animation\release\shader.obj
d:\pglearning\semester2\real-timeanimation\animation\animation\release\renderer.obj
d:\pglearning\semester2\real-timeanimation\animation\animation\release\plane.obj
d:\pglearning\semester2\real-timeanimation\animation\animation\release\model.obj
d:\pglearning\semester2\real-timeanimation\animation\animation\release\mesh.obj
d:\pglearning\semester2\real-timeanimation\animation\animation\release\inversekinematic.obj
d:\pglearning\semester2\real-timeanimation\animation\animation\release\indexbuffer.obj
d:\pglearning\semester2\real-timeanimation\animation\animation\release\ik3d.obj
d:\pglearning\semester2\real-timeanimation\animation\animation\release\facial animation.obj
d:\pglearning\semester2\real-timeanimation\animation\animation\release\cubemaptexture.obj
d:\pglearning\semester2\real-timeanimation\animation\animation\release\test.obj
d:\pglearning\semester2\real-timeanimation\animation\animation\release\vertexbuffer.obj
d:\pglearning\semester2\real-timeanimation\animation\animation\release\vertexarray.obj
d:\pglearning\semester2\real-timeanimation\animation\animation\release\stb_image.obj
d:\pglearning\semester2\real-timeanimation\animation\release\animation.exe
d:\pglearning\semester2\real-timeanimation\animation\release\animation.pdb
d:\pglearning\semester2\real-timeanimation\animation\animation\release\animation.tlog\animation.write.1u.tlog
d:\pglearning\semester2\real-timeanimation\animation\animation\release\animation.tlog\cl.command.1.tlog
d:\pglearning\semester2\real-timeanimation\animation\animation\release\animation.tlog\cl.read.1.tlog
d:\pglearning\semester2\real-timeanimation\animation\animation\release\animation.tlog\cl.write.1.tlog
d:\pglearning\semester2\real-timeanimation\animation\animation\release\animation.tlog\link.command.1.tlog
d:\pglearning\semester2\real-timeanimation\animation\animation\release\animation.tlog\link.read.1.tlog
d:\pglearning\semester2\real-timeanimation\animation\animation\release\animation.tlog\link.write.1.tlog
