d:\pglearning\semester2\real-timeanimation\animation\animation\debug\vc141.pdb
d:\pglearning\semester2\real-timeanimation\animation\animation\debug\vc141.idb
d:\pglearning\semester2\real-timeanimation\animation\animation\debug\imgui_widgets.obj
d:\pglearning\semester2\real-timeanimation\animation\animation\debug\imgui_tables.obj
d:\pglearning\semester2\real-timeanimation\animation\animation\debug\imgui_impl_opengl3.obj
d:\pglearning\semester2\real-timeanimation\animation\animation\debug\imgui_impl_opengl2.obj
d:\pglearning\semester2\real-timeanimation\animation\animation\debug\imgui_impl_glfw.obj
d:\pglearning\semester2\real-timeanimation\animation\animation\debug\imgui_draw.obj
d:\pglearning\semester2\real-timeanimation\animation\animation\debug\imgui_demo.obj
d:\pglearning\semester2\real-timeanimation\animation\animation\debug\imgui.obj
d:\pglearning\semester2\real-timeanimation\animation\animation\debug\glm.obj
d:\pglearning\semester2\real-timeanimation\animation\animation\debug\ccd.obj
d:\pglearning\semester2\real-timeanimation\animation\animation\debug\shader.obj
d:\pglearning\semester2\real-timeanimation\animation\animation\debug\renderer.obj
d:\pglearning\semester2\real-timeanimation\animation\animation\debug\plane.obj
d:\pglearning\semester2\real-timeanimation\animation\animation\debug\model.obj
d:\pglearning\semester2\real-timeanimation\animation\animation\debug\mesh.obj
d:\pglearning\semester2\real-timeanimation\animation\animation\debug\inversekinematic.obj
d:\pglearning\semester2\real-timeanimation\animation\animation\debug\indexbuffer.obj
d:\pglearning\semester2\real-timeanimation\animation\animation\debug\ik3d.obj
d:\pglearning\semester2\real-timeanimation\animation\animation\debug\facial animation.obj
d:\pglearning\semester2\real-timeanimation\animation\animation\debug\cubemaptexture.obj
d:\pglearning\semester2\real-timeanimation\animation\animation\debug\vertexbuffer.obj
d:\pglearning\semester2\real-timeanimation\animation\animation\debug\vertexarray.obj
d:\pglearning\semester2\real-timeanimation\animation\animation\debug\stb_image.obj
d:\pglearning\semester2\real-timeanimation\animation\debug\animation.ilk
d:\pglearning\semester2\real-timeanimation\animation\debug\animation.exe
d:\pglearning\semester2\real-timeanimation\animation\debug\animation.pdb
d:\pglearning\semester2\real-timeanimation\animation\animation\debug\animation.tlog\cl.command.1.tlog
d:\pglearning\semester2\real-timeanimation\animation\animation\debug\animation.tlog\cl.read.1.tlog
d:\pglearning\semester2\real-timeanimation\animation\animation\debug\animation.tlog\cl.write.1.tlog
d:\pglearning\semester2\real-timeanimation\animation\animation\debug\animation.tlog\link.command.1.tlog
d:\pglearning\semester2\real-timeanimation\animation\animation\debug\animation.tlog\link.read.1.tlog
d:\pglearning\semester2\real-timeanimation\animation\animation\debug\animation.tlog\link.write.1.tlog
